valgrind --leak-check=full ./menu
==29032== Memcheck, a memory error detector
==29032== Copyright (C) 2002-2022, and GNU GPL'd, by Julian Seward et al.
==29032== Using Valgrind-3.21.0 and LibVEX; rerun with -h for copyright info
==29032== Command: ./menu
==29032== 
==29032== 
==29032== HEAP SUMMARY:
==29032==     in use at exit: 292,139 bytes in 907 blocks
==29032==   total heap usage: 167,476 allocs, 166,569 frees, 15,529,031 bytes allocated
==29032== 
==29032== 9 bytes in 1 blocks are possibly lost in loss record 90 of 366
==29032==    at 0x4885118: malloc (in /usr/libexec/valgrind/vgpreload_memcheck-arm64-linux.so)
==29032==    by 0x4B0AE6F: strdup (strdup.c:42)
==29032==    by 0x49A3327: ??? (in /usr/lib/aarch64-linux-gnu/libtinfo.so.6.4)
==29032==    by 0x49A72B7: _nc_tiparm (in /usr/lib/aarch64-linux-gnu/libtinfo.so.6.4)
==29032==    by 0x494DE63: newterm_sp (in /usr/lib/aarch64-linux-gnu/libncurses.so.6.4)
==29032==    by 0x494E5E7: newterm (in /usr/lib/aarch64-linux-gnu/libncurses.so.6.4)
==29032==    by 0x494E683: initscr (in /usr/lib/aarch64-linux-gnu/libncurses.so.6.4)
==29032==    by 0x10C723: _initsrc (windows.c:255)
==29032==    by 0x10A7FF: main (menu.c:214)
==29032== 
==29032== 24 bytes in 1 blocks are possibly lost in loss record 204 of 366
==29032==    at 0x4885118: malloc (in /usr/libexec/valgrind/vgpreload_memcheck-arm64-linux.so)
==29032==    by 0x4B5E313: tsearch (tsearch.c:337)
==29032==    by 0x49A333F: ??? (in /usr/lib/aarch64-linux-gnu/libtinfo.so.6.4)
==29032==    by 0x49A72B7: _nc_tiparm (in /usr/lib/aarch64-linux-gnu/libtinfo.so.6.4)
==29032==    by 0x494DE63: newterm_sp (in /usr/lib/aarch64-linux-gnu/libncurses.so.6.4)
==29032==    by 0x494E5E7: newterm (in /usr/lib/aarch64-linux-gnu/libncurses.so.6.4)
==29032==    by 0x494E683: initscr (in /usr/lib/aarch64-linux-gnu/libncurses.so.6.4)
==29032==    by 0x10C723: _initsrc (windows.c:255)
==29032==    by 0x10A7FF: main (menu.c:214)
==29032== 
==29032== 168 bytes in 1 blocks are possibly lost in loss record 299 of 366
==29032==    at 0x4889FA4: calloc (in /usr/libexec/valgrind/vgpreload_memcheck-arm64-linux.so)
==29032==    by 0x49A32E7: ??? (in /usr/lib/aarch64-linux-gnu/libtinfo.so.6.4)
==29032==    by 0x49A72B7: _nc_tiparm (in /usr/lib/aarch64-linux-gnu/libtinfo.so.6.4)
==29032==    by 0x494DE63: newterm_sp (in /usr/lib/aarch64-linux-gnu/libncurses.so.6.4)
==29032==    by 0x494E5E7: newterm (in /usr/lib/aarch64-linux-gnu/libncurses.so.6.4)
==29032==    by 0x494E683: initscr (in /usr/lib/aarch64-linux-gnu/libncurses.so.6.4)
==29032==    by 0x10C723: _initsrc (windows.c:255)
==29032==    by 0x10A7FF: main (menu.c:214)
==29032== 
==29032== 1,200 (800 direct, 400 indirect) bytes in 1 blocks are definitely lost in loss record 331 of 366
==29032==    at 0x4885118: malloc (in /usr/libexec/valgrind/vgpreload_memcheck-arm64-linux.so)
==29032==    by 0x10AAE7: loop (loop.c:81)
==29032==    by 0x10A813: main (menu.c:217)
==29032== 
==29032== 1,200 (800 direct, 400 indirect) bytes in 1 blocks are definitely lost in loss record 332 of 366
==29032==    at 0x4885118: malloc (in /usr/libexec/valgrind/vgpreload_memcheck-arm64-linux.so)
==29032==    by 0x10AAF3: loop (loop.c:82)
==29032==    by 0x10A813: main (menu.c:217)
==29032== 
==29032== 1,600 (800 direct, 800 indirect) bytes in 1 blocks are definitely lost in loss record 335 of 366
==29032==    at 0x4885118: malloc (in /usr/libexec/valgrind/vgpreload_memcheck-arm64-linux.so)
==29032==    by 0x10AAFF: loop (loop.c:83)
==29032==    by 0x10A813: main (menu.c:217)
==29032== 
==29032== 9,680 bytes in 10 blocks are definitely lost in loss record 359 of 366
==29032==    at 0x4889FA4: calloc (in /usr/libexec/valgrind/vgpreload_memcheck-arm64-linux.so)
==29032==    by 0x10C307: create_out (windows.c:164)
==29032==    by 0x10C7F7: _initsrc (windows.c:271)
==29032==    by 0x10A7FF: main (menu.c:214)
==29032== 
==29032== LEAK SUMMARY:
==29032==    definitely lost: 12,080 bytes in 13 blocks
==29032==    indirectly lost: 1,600 bytes in 30 blocks
==29032==      possibly lost: 201 bytes in 3 blocks
==29032==    still reachable: 278,258 bytes in 861 blocks
==29032==         suppressed: 0 bytes in 0 blocks
==29032== Reachable blocks (those to which a pointer was found) are not shown.
==29032== To see them, rerun with: --leak-check=full --show-leak-kinds=all
==29032== 
==29032== Use --track-origins=yes to see where uninitialised values come from
==29032== For lists of detected and suppressed errors, rerun with: -s
==29032== ERROR SUMMARY: 20 errors from 14 contexts (suppressed: 0 from 0)